<?xml version="1.0" encoding="UTF-8"?>
<!-- Generated by org.testng.reporters.JUnitReportReporter -->
<testsuite hostname="AKSHAYG" failures="0" tests="12" name="test.AplicationHeaderVeification" time="131.779" errors="0" timestamp="2022-02-17T09:59:14 IST" skipped="0">
  <testcase classname="test.AplicationHeaderVeification" name="verifyAccHolderName" time="14.027"/>
  <system-out/>
  <testcase classname="test.AplicationHeaderVeification" name="verifyAccHolderName" time="9.710"/>
  <system-out/>
  <testcase classname="test.AplicationHeaderVeification" name="verifyOrdersTab" time="11.074"/>
  <system-out/>
  <testcase classname="test.AplicationHeaderVeification" name="verifyOrdersTab" time="10.805"/>
  <system-out/>
  <testcase classname="test.AplicationHeaderVeification" name="verifyPositionTab" time="14.194"/>
  <system-out/>
  <testcase classname="test.AplicationHeaderVeification" name="verifyPositionTab" time="8.779"/>
  <system-out/>
  <testcase classname="test.AplicationHeaderVeification" name="verifyDashBoardTab" time="7.880"/>
  <system-out/>
  <testcase classname="test.AplicationHeaderVeification" name="verifyDashBoardTab" time="12.817"/>
  <system-out/>
  <testcase classname="test.AplicationHeaderVeification" name="verifyFundsTab" time="8.505"/>
  <system-out/>
  <testcase classname="test.AplicationHeaderVeification" name="verifyFundsTab" time="12.699"/>
  <system-out/>
  <testcase classname="test.AplicationHeaderVeification" name="verifyHoldingsTab" time="8.912"/>
  <system-out/>
  <testcase classname="test.AplicationHeaderVeification" name="verifyHoldingsTab" time="12.377"/>
  <system-out/>
</testsuite> <!-- test.AplicationHeaderVeification -->
