<?xml version="1.0" encoding="UTF-8"?>
<!-- Generated by org.testng.reporters.JUnitReportReporter -->
<testsuite hostname="AKSHAYG" failures="0" tests="4" name="test.IntradayOrderExecution" time="57.069" errors="0" timestamp="2022-02-17T09:59:14 IST" skipped="0">
  <testcase classname="test.IntradayOrderExecution" name="buyOrderOfTataMOtors" time="25.426"/>
  <system-out/>
  <testcase classname="test.IntradayOrderExecution" name="buyOrderOfDixonTech" time="13.465"/>
  <system-out/>
  <testcase classname="test.IntradayOrderExecution" name="buyOrderOfDixonTech" time="8.908"/>
  <system-out/>
  <testcase classname="test.IntradayOrderExecution" name="buyOrderOfTataMOtors" time="9.270"/>
  <system-out/>
</testsuite> <!-- test.IntradayOrderExecution -->
